0 info it worked if it ends with ok
1 verbose cli [ 'C:\\Program Files\\nodejs\\\\node.exe',
1 verbose cli   'C:\\Program Files\\nodejs\\node_modules\\npm\\bin\\npm-cli.js',
1 verbose cli   'install',
1 verbose cli   'node-o3-canvas',
1 verbose cli   '--save' ]
2 info using npm@1.4.28
3 info using node@v0.10.35
4 verbose node symlink C:\Program Files\nodejs\\node.exe
5 warn package.json Genetic_Painting@1.0.0 No description
6 warn package.json Genetic_Painting@1.0.0 No repository field.
7 warn package.json Genetic_Painting@1.0.0 No README data
8 verbose readDependencies using package.json deps
9 verbose cache add [ 'node-o3-canvas', null ]
10 verbose cache add name=undefined spec="node-o3-canvas" args=["node-o3-canvas",null]
11 verbose parsed url { protocol: null,
11 verbose parsed url   slashes: null,
11 verbose parsed url   auth: null,
11 verbose parsed url   host: null,
11 verbose parsed url   port: null,
11 verbose parsed url   hostname: null,
11 verbose parsed url   hash: null,
11 verbose parsed url   search: null,
11 verbose parsed url   query: null,
11 verbose parsed url   pathname: 'node-o3-canvas',
11 verbose parsed url   path: 'node-o3-canvas',
11 verbose parsed url   href: 'node-o3-canvas' }
12 silly lockFile e322c0c4-node-o3-canvas node-o3-canvas
13 verbose lock node-o3-canvas C:\Users\Alex Taylor\AppData\Roaming\npm-cache\e322c0c4-node-o3-canvas.lock
14 silly lockFile e322c0c4-node-o3-canvas node-o3-canvas
15 silly lockFile e322c0c4-node-o3-canvas node-o3-canvas
16 verbose addNamed [ 'node-o3-canvas', '' ]
17 verbose addNamed [ null, '*' ]
18 silly lockFile 0fb8921d-node-o3-canvas node-o3-canvas@
19 verbose lock node-o3-canvas@ C:\Users\Alex Taylor\AppData\Roaming\npm-cache\0fb8921d-node-o3-canvas.lock
20 silly addNameRange { name: 'node-o3-canvas', range: '*', hasData: false }
21 verbose request where is /node-o3-canvas
22 verbose request registry https://registry.npmjs.org/
23 verbose request id afff6afe0ad870df
24 verbose url raw /node-o3-canvas
25 verbose url resolving [ 'https://registry.npmjs.org/', './node-o3-canvas' ]
26 verbose url resolved https://registry.npmjs.org/node-o3-canvas
27 verbose request where is https://registry.npmjs.org/node-o3-canvas
28 info trying registry request attempt 1 at 03:50:39
29 http GET https://registry.npmjs.org/node-o3-canvas
30 http 404 https://registry.npmjs.org/node-o3-canvas
31 verbose headers { date: 'Wed, 04 Feb 2015 03:50:39 GMT',
31 verbose headers   server: 'CouchDB/1.5.0 (Erlang OTP/R16B03)',
31 verbose headers   'content-type': 'application/json',
31 verbose headers   'cache-control': 'max-age=0',
31 verbose headers   'content-length': '52',
31 verbose headers   'accept-ranges': 'bytes',
31 verbose headers   via: '1.1 varnish',
31 verbose headers   age: '0',
31 verbose headers   'x-served-by': 'cache-lhr6334-LHR',
31 verbose headers   'x-cache': 'MISS',
31 verbose headers   'x-cache-hits': '0',
31 verbose headers   'x-timer': 'S1423021838.937382,VS0,VE98',
31 verbose headers   'keep-alive': 'timeout=10, max=50',
31 verbose headers   connection: 'Keep-Alive' }
32 silly registry.get cb [ 404,
32 silly registry.get   { date: 'Wed, 04 Feb 2015 03:50:39 GMT',
32 silly registry.get     server: 'CouchDB/1.5.0 (Erlang OTP/R16B03)',
32 silly registry.get     'content-type': 'application/json',
32 silly registry.get     'cache-control': 'max-age=0',
32 silly registry.get     'content-length': '52',
32 silly registry.get     'accept-ranges': 'bytes',
32 silly registry.get     via: '1.1 varnish',
32 silly registry.get     age: '0',
32 silly registry.get     'x-served-by': 'cache-lhr6334-LHR',
32 silly registry.get     'x-cache': 'MISS',
32 silly registry.get     'x-cache-hits': '0',
32 silly registry.get     'x-timer': 'S1423021838.937382,VS0,VE98',
32 silly registry.get     'keep-alive': 'timeout=10, max=50',
32 silly registry.get     connection: 'Keep-Alive' } ]
33 silly lockFile 0fb8921d-node-o3-canvas node-o3-canvas@
34 silly lockFile 0fb8921d-node-o3-canvas node-o3-canvas@
35 error 404 404 Not Found: node-o3-canvas
35 error 404
35 error 404 'node-o3-canvas' is not in the npm registry.
35 error 404 You should bug the author to publish it
35 error 404 It was specified as a dependency of 'Genetic_Painting'
35 error 404
35 error 404 Maybe try 'npm search o3 canvas'
35 error 404
35 error 404 Note that you can also install from a
35 error 404 tarball, folder, or http url, or git url.
36 error System Windows_NT 6.2.9200
37 error command "C:\\Program Files\\nodejs\\\\node.exe" "C:\\Program Files\\nodejs\\node_modules\\npm\\bin\\npm-cli.js" "install" "node-o3-canvas" "--save"
38 error cwd C:\Projects\Genetic_Painting
39 error node -v v0.10.35
40 error npm -v 1.4.28
41 error code E404
42 verbose exit [ 1, true ]
